***** (Probing) Transfer task : LENGTH classification *****
Loaded 99996 train - 9996 dev - 9996 test for Length
Found 36849 words with word vectors, out of         36851 words
Computing embeddings for train/dev/test
Computed embeddings
Training sklearn-LogReg with standard validation..
[('reg:0.25', 48.72), ('reg:0.5', 49.56), ('reg:1', 49.98), ('reg:2', 50.22), ('reg:4', 50.66), ('reg:8', 50.86)]
Validation : best param found is reg = 8 with score             50.86
Evaluating...

Dev acc : 50.9 Test acc : 50.5 for LENGTH classification

***** (Probing) Transfer task : WORDCONTENT classification *****
Loaded 100000 train - 10000 dev - 10000 test for WordContent
Found 40109 words with word vectors, out of         40111 words
Computing embeddings for train/dev/test
Computed embeddings
Training sklearn-LogReg with standard validation..
***** Transfer task : MR *****


Found 719 words with word vectors, out of         735 words
Generating sentence embeddings
Generated sentence embeddings
Training sklearn-LogReg with (inner) 10-fold cross-validation
Best param found at split 1: l2reg = 2                 with score 72.29
Best param found at split 2: l2reg = 1                 with score 66.86
Best param found at split 3: l2reg = 2                 with score 69.14
Best param found at split 4: l2reg = 1                 with score 64.33
Best param found at split 5: l2reg = 4                 with score 72.62
Best param found at split 6: l2reg = 2                 with score 70.95
Best param found at split 7: l2reg = 8                 with score 68.1
Best param found at split 8: l2reg = 2                 with score 68.33
Best param found at split 9: l2reg = 2                 with score 67.52
Best param found at split 10: l2reg = 2                 with score 72.05
Dev acc : 69.22 Test acc : 65.02

***** Transfer task : CR *****


Found 5468 words with word vectors, out of         5677 words
Generating sentence embeddings
Generated sentence embeddings
Training sklearn-LogReg with (inner) 10-fold cross-validation
Best param found at split 1: l2reg = 8                 with score 81.07
Best param found at split 2: l2reg = 2                 with score 80.36
Best param found at split 3: l2reg = 8                 with score 80.92
Best param found at split 4: l2reg = 2                 with score 80.57
Best param found at split 5: l2reg = 4                 with score 81.51
Best param found at split 6: l2reg = 4                 with score 81.66
Best param found at split 7: l2reg = 8                 with score 81.1
Best param found at split 8: l2reg = 2                 with score 81.37
Best param found at split 9: l2reg = 4                 with score 81.08
Best param found at split 10: l2reg = 2                 with score 80.91
Dev acc : 81.05 Test acc : 80.9

***** Transfer task : MPQA *****


Found 6200 words with word vectors, out of         6241 words
Generating sentence embeddings
Generated sentence embeddings
Training sklearn-LogReg with (inner) 10-fold cross-validation
Best param found at split 1: l2reg = 0.25                 with score 87.79
Best param found at split 2: l2reg = 0.25                 with score 87.76
Best param found at split 3: l2reg = 0.25                 with score 87.84
Best param found at split 4: l2reg = 0.5                 with score 88.2
Best param found at split 5: l2reg = 0.5                 with score 87.89
Best param found at split 6: l2reg = 1                 with score 87.89
Best param found at split 7: l2reg = 0.25                 with score 87.75
Best param found at split 8: l2reg = 0.5                 with score 88.03
Best param found at split 9: l2reg = 0.25                 with score 87.89
Best param found at split 10: l2reg = 0.25                 with score 87.65
Dev acc : 87.87 Test acc : 88.0

***** Transfer task : SUBJ *****


Found 13830 words with word vectors, out of         14847 words
Generating sentence embeddings
Generated sentence embeddings
Training sklearn-LogReg with (inner) 10-fold cross-validation
Best param found at split 1: l2reg = 0.25                 with score 99.6
Best param found at split 2: l2reg = 0.25                 with score 99.6
Best param found at split 3: l2reg = 0.25                 with score 99.6
Best param found at split 4: l2reg = 0.25                 with score 99.6
Best param found at split 5: l2reg = 0.25                 with score 99.6
Best param found at split 6: l2reg = 0.25                 with score 99.6
Best param found at split 7: l2reg = 0.25                 with score 99.6
Best param found at split 8: l2reg = 0.25                 with score 99.6
Best param found at split 9: l2reg = 0.25                 with score 99.6
Best param found at split 10: l2reg = 0.25                 with score 99.6
Dev acc : 99.6 Test acc : 99.6

***** Transfer task : SST Binary classification *****


Found 16422 words with word vectors, out of         17561 words
Computing embedding for dev
Computed dev embeddings
Computing embedding for test
Computed test embeddings
Computing embedding for train
Computed train embeddings
Training sklearn-LogReg with standard validation..
[('reg:0.25', 79.47), ('reg:0.5', 79.59), ('reg:1', 79.59), ('reg:2', 79.47), ('reg:4', 79.47), ('reg:8', 79.47)]
Validation : best param found is reg = 0.5 with score             79.59
Evaluating...

Dev acc : 79.59 Test acc : 81.88 for             SST Binary classification

***** Transfer task : TREC *****


Found 9555 words with word vectors, out of         9779 words
Computed train embeddings
Computed test embeddings
Training sklearn-LogReg with 10-fold cross-validation
[('reg:0.5', 75.13), ('reg:1', 76.21), ('reg:2', 76.69), ('reg:4', 76.82), ('reg:8', 76.65), ('reg:16', 76.85), ('reg:32', 76.78)]
Cross-validation : best param found is reg = 16             with score 76.85
Evaluating...

Dev acc : 76.85 Test acc : 82.4             for TREC

***** Transfer task : MRPC *****


Found 18606 words with word vectors, out of         19556 words
Computing embedding for test
Computed test embeddings
Computing embedding for train
Computed train embeddings
Training sklearn-LogReg with 10-fold cross-validation
[('reg:0.5', 72.16), ('reg:1', 72.28), ('reg:2', 72.55), ('reg:4', 72.57), ('reg:8', 72.65), ('reg:16', 72.62), ('reg:32', 72.48)]
Cross-validation : best param found is reg = 8             with score 72.65
Evaluating...
Dev acc : 72.65 Test acc 73.22; Test F1 81.33 for MRPC.

***** Transfer task : SICK-Entailment*****


Found 2407 words with word vectors, out of         2414 words
Computing embedding for dev
Computed dev embeddings
Computing embedding for test
Computed test embeddings
Computing embedding for train
Computed train embeddings
Training sklearn-LogReg with standard validation..
[('reg:0.25', 74.8), ('reg:0.5', 76.6), ('reg:1', 79.2), ('reg:2', 80.4), ('reg:4', 81.8), ('reg:8', 82.0)]
Validation : best param found is reg = 8 with score             82.0
Evaluating...

Dev acc : 82.0 Test acc : 79.2 for                        SICK entailment

***** Transfer task : STS14 *****


