len corpus= 5533
len corpus= 1613
shape x_train_hat= (380470, 200)
shape X_hot= (38047, 10, 5533)
shape x= (?, 10, 200)
shape x_hot= (?, 10, 5533)
shape M = (?, 10, 100)
shape r= (?, 10, 100)
shape r reshape= (?, 10, 100)
shape h sum= (?, 100)
shape z_mean= (?, 100)
shape z_log_var= (?, 100)
shape z_mean sampling= (?, 100) shape z_log_var= (?, 100)
shape epsilon= (?, 100)
z dim= (?, 100)
h_decoded  dim= (?, 100)
x_decoded_mean shape= (?, 5533)
x_decoded_mean shape REPEAT= (?, 5533)
x_decoded_mean= (?, 5533)
rec_loss= (?,)
rec_loss= (?,)
kl_loss= (?,)
vae_loss= ()
C:/Users/Eigenaar/Documents/GitHub/ull/practical-2/vae_bsg_efi.py:150: UserWarning: Output "lambda_6" missing from loss dictionary. We assume this was done on purpose, and we will not be expecting any data to be passed to "lambda_6" during training.
  vae.compile(optimizer='rmsprop')
Epoch 1/100
38047/38047 [==============================] - 45s 1ms/step - loss: 30350.5855
Epoch 2/100
38047/38047 [==============================] - 43s 1ms/step - loss: 27081.7936
Epoch 3/100
38047/38047 [==============================] - 44s 1ms/step - loss: 25789.4965
Epoch 4/100
38047/38047 [==============================] - 43s 1ms/step - loss: 24880.3216
Epoch 5/100
38047/38047 [==============================] - 44s 1ms/step - loss: 24185.6058
Epoch 6/100
38047/38047 [==============================] - 43s 1ms/step - loss: 23709.6623
Epoch 7/100
38047/38047 [==============================] - 43s 1ms/step - loss: 23411.4794
Epoch 8/100
38047/38047 [==============================] - 43s 1ms/step - loss: 23185.4070
Epoch 9/100
38047/38047 [==============================] - 43s 1ms/step - loss: 23030.3035
Epoch 10/100
38047/38047 [==============================] - 43s 1ms/step - loss: 22923.3394
Epoch 11/100
38047/38047 [==============================] - 43s 1ms/step - loss: 22823.1834
Epoch 12/100
38047/38047 [==============================] - 43s 1ms/step - loss: 22711.9335
Epoch 13/100
38047/38047 [==============================] - 43s 1ms/step - loss: 22649.3837
Epoch 14/100
38047/38047 [==============================] - 43s 1ms/step - loss: 22556.0511
Epoch 15/100
38047/38047 [==============================] - 43s 1ms/step - loss: 22453.7886
Epoch 16/100
38047/38047 [==============================] - 43s 1ms/step - loss: 22392.0514
Epoch 17/100
38047/38047 [==============================] - 43s 1ms/step - loss: 22329.1897
Epoch 18/100
38047/38047 [==============================] - 42s 1ms/step - loss: 22253.3034
Epoch 19/100
38047/38047 [==============================] - 43s 1ms/step - loss: 22306.3829
Epoch 20/100
38047/38047 [==============================] - 43s 1ms/step - loss: 22764.0231
Epoch 21/100
38047/38047 [==============================] - 43s 1ms/step - loss: 23019.1001
Epoch 22/100
38047/38047 [==============================] - 42s 1ms/step - loss: 22979.3791
Epoch 23/100
38047/38047 [==============================] - 42s 1ms/step - loss: 22991.1534
Epoch 24/100
38047/38047 [==============================] - 43s 1ms/step - loss: 22993.5514
Epoch 25/100
38047/38047 [==============================] - 43s 1ms/step - loss: 22892.6118
Epoch 26/100
38047/38047 [==============================] - 44s 1ms/step - loss: 22835.4828
Epoch 27/100
38047/38047 [==============================] - 43s 1ms/step - loss: 22845.2390
Epoch 28/100
38047/38047 [==============================] - 43s 1ms/step - loss: 22761.9940
Epoch 29/100
38047/38047 [==============================] - 43s 1ms/step - loss: 22711.2526
Epoch 30/100
38047/38047 [==============================] - 43s 1ms/step - loss: 22679.3675
Epoch 31/100
38047/38047 [==============================] - 43s 1ms/step - loss: 22663.6808
Epoch 32/100
38047/38047 [==============================] - 44s 1ms/step - loss: 22674.3011
Epoch 33/100
38047/38047 [==============================] - 44s 1ms/step - loss: 22647.2719
Epoch 34/100
38047/38047 [==============================] - 44s 1ms/step - loss: 22637.9614
Epoch 35/100
38047/38047 [==============================] - 43s 1ms/step - loss: 22660.6690
Epoch 36/100
38047/38047 [==============================] - 44s 1ms/step - loss: 22611.2616
Epoch 37/100
38047/38047 [==============================] - 43s 1ms/step - loss: 22595.7188
Epoch 38/100
38047/38047 [==============================] - 44s 1ms/step - loss: 22603.6132
Epoch 39/100
38047/38047 [==============================] - 43s 1ms/step - loss: 22600.5769
Epoch 40/100
38047/38047 [==============================] - 42s 1ms/step - loss: 22637.5481
Epoch 41/100
38047/38047 [==============================] - 43s 1ms/step - loss: 22663.1874
Epoch 42/100
38047/38047 [==============================] - 43s 1ms/step - loss: 22695.6129
Epoch 43/100
38047/38047 [==============================] - 44s 1ms/step - loss: 22664.4890
Epoch 44/100
38047/38047 [==============================] - 43s 1ms/step - loss: 22661.2709
Epoch 45/100
38047/38047 [==============================] - 43s 1ms/step - loss: 22640.4965
Epoch 46/100
38047/38047 [==============================] - 43s 1ms/step - loss: 22620.2451
Epoch 47/100
38047/38047 [==============================] - 42s 1ms/step - loss: 22667.8325
Epoch 48/100
38047/38047 [==============================] - 44s 1ms/step - loss: 22661.9560
Epoch 49/100
38047/38047 [==============================] - 43s 1ms/step - loss: 22647.6297
Epoch 50/100
38047/38047 [==============================] - 43s 1ms/step - loss: 22692.2135
Epoch 51/100
38047/38047 [==============================] - 43s 1ms/step - loss: 22672.4772
Epoch 52/100
38047/38047 [==============================] - 43s 1ms/step - loss: 22679.8324
Epoch 53/100
38047/38047 [==============================] - 43s 1ms/step - loss: 22647.5740
Epoch 54/100
38047/38047 [==============================] - 43s 1ms/step - loss: 22662.8728
Epoch 55/100
38047/38047 [==============================] - 43s 1ms/step - loss: 22633.0710
Epoch 56/100
38047/38047 [==============================] - 43s 1ms/step - loss: 22647.0295
Epoch 57/100
38047/38047 [==============================] - 43s 1ms/step - loss: 22639.8655
Epoch 58/100
38047/38047 [==============================] - 43s 1ms/step - loss: 22667.9000
Epoch 59/100
38047/38047 [==============================] - 42s 1ms/step - loss: 22619.2215
Epoch 60/100
38047/38047 [==============================] - 43s 1ms/step - loss: 22645.9455
Epoch 61/100
38047/38047 [==============================] - 43s 1ms/step - loss: 22647.8726
Epoch 62/100
38047/38047 [==============================] - 43s 1ms/step - loss: 22670.9328
Epoch 63/100
38047/38047 [==============================] - 43s 1ms/step - loss: 22635.0900
Epoch 64/100
38047/38047 [==============================] - 43s 1ms/step - loss: 22597.3658
Epoch 65/100
38047/38047 [==============================] - 43s 1ms/step - loss: 22658.0270
Epoch 66/100
38047/38047 [==============================] - 43s 1ms/step - loss: 22619.2562
Epoch 67/100
38047/38047 [==============================] - 42s 1ms/step - loss: 22599.4419
Epoch 68/100
38047/38047 [==============================] - 43s 1ms/step - loss: 22631.7964
Epoch 69/100
38047/38047 [==============================] - 44s 1ms/step - loss: 22675.5901
Epoch 70/100
38047/38047 [==============================] - 43s 1ms/step - loss: 22630.0384
Epoch 71/100
38047/38047 [==============================] - 43s 1ms/step - loss: 22674.5986
Epoch 72/100
38047/38047 [==============================] - 43s 1ms/step - loss: 22632.0139
Epoch 73/100
38047/38047 [==============================] - 44s 1ms/step - loss: 22612.3597
Epoch 74/100
38047/38047 [==============================] - 44s 1ms/step - loss: 22615.7007
Epoch 75/100
38047/38047 [==============================] - 43s 1ms/step - loss: 22628.4406
Epoch 76/100
38047/38047 [==============================] - 43s 1ms/step - loss: 22650.1700
Epoch 77/100
38047/38047 [==============================] - 43s 1ms/step - loss: 22605.6238
Epoch 78/100
38047/38047 [==============================] - 43s 1ms/step - loss: 22640.0764
Epoch 79/100
38047/38047 [==============================] - 43s 1ms/step - loss: 22635.0030
Epoch 80/100
38047/38047 [==============================] - 43s 1ms/step - loss: 22596.0843
Epoch 81/100
38047/38047 [==============================] - 43s 1ms/step - loss: 22641.4323
Epoch 82/100
38047/38047 [==============================] - 42s 1ms/step - loss: 22631.0771
Epoch 83/100
38047/38047 [==============================] - 42s 1ms/step - loss: 22633.5763
Epoch 84/100
38047/38047 [==============================] - 43s 1ms/step - loss: 22642.0599
Epoch 85/100
38047/38047 [==============================] - 43s 1ms/step - loss: 22618.4488
Epoch 86/100
38047/38047 [==============================] - 43s 1ms/step - loss: 22630.7102
Epoch 87/100
38047/38047 [==============================] - 43s 1ms/step - loss: 22668.4568
Epoch 88/100
38047/38047 [==============================] - 42s 1ms/step - loss: 22629.2537
Epoch 89/100
38047/38047 [==============================] - 42s 1ms/step - loss: 22621.7368
Epoch 90/100
38047/38047 [==============================] - 42s 1ms/step - loss: 22674.0456
Epoch 91/100
38047/38047 [==============================] - 43s 1ms/step - loss: 22650.5869
Epoch 92/100
38047/38047 [==============================] - 44s 1ms/step - loss: 22616.3567
Epoch 93/100
38047/38047 [==============================] - 44s 1ms/step - loss: 22636.8933
Epoch 94/100
38047/38047 [==============================] - 43s 1ms/step - loss: 22623.1399
Epoch 95/100
38047/38047 [==============================] - 43s 1ms/step - loss: 22651.7561
Epoch 96/100
38047/38047 [==============================] - 43s 1ms/step - loss: 22687.9783
Epoch 97/100
38047/38047 [==============================] - 43s 1ms/step - loss: 22673.3010
Epoch 98/100
38047/38047 [==============================] - 42s 1ms/step - loss: 22651.3994
Epoch 99/100
38047/38047 [==============================] - 43s 1ms/step - loss: 22689.1285
Epoch 100/100
38047/38047 [==============================] - 44s 1ms/step - loss: 22663.7232
(100, 5533)